<?xml version="1.0" encoding="UTF-8"?>
<testsuite xmlns:xsi="http://www.w3.org/2001/XMLSchema-instance" xsi:noNamespaceSchemaLocation="https://maven.apache.org/surefire/maven-surefire-plugin/xsd/surefire-test-report.xsd" name="com.ted.TedApplicationTests" time="11.66" tests="2" errors="0" skipped="0" failures="0">
  <properties>
    <property name="sun.desktop" value="windows"/>
    <property name="awt.toolkit" value="sun.awt.windows.WToolkit"/>
    <property name="file.encoding.pkg" value="sun.io"/>
    <property name="java.specification.version" value="1.8"/>
    <property name="sun.cpu.isalist" value="amd64"/>
    <property name="sun.jnu.encoding" value="GBK"/>
    <property name="java.class.path" value="F:\IdeaProjects\ted\target\test-classes;F:\IdeaProjects\ted\target\classes;C:\Users\Administrator\.m2\repository\org\springframework\boot\spring-boot-starter-jdbc\2.4.2\spring-boot-starter-jdbc-2.4.2.jar;C:\Users\Administrator\.m2\repository\org\springframework\boot\spring-boot-starter\2.4.2\spring-boot-starter-2.4.2.jar;C:\Users\Administrator\.m2\repository\org\springframework\boot\spring-boot-starter-logging\2.4.2\spring-boot-starter-logging-2.4.2.jar;C:\Users\Administrator\.m2\repository\ch\qos\logback\logback-classic\1.2.3\logback-classic-1.2.3.jar;C:\Users\Administrator\.m2\repository\ch\qos\logback\logback-core\1.2.3\logback-core-1.2.3.jar;C:\Users\Administrator\.m2\repository\org\apache\logging\log4j\log4j-to-slf4j\2.13.3\log4j-to-slf4j-2.13.3.jar;C:\Users\Administrator\.m2\repository\org\apache\logging\log4j\log4j-api\2.13.3\log4j-api-2.13.3.jar;C:\Users\Administrator\.m2\repository\org\slf4j\jul-to-slf4j\1.7.30\jul-to-slf4j-1.7.30.jar;C:\Users\Administrator\.m2\repository\org\yaml\snakeyaml\1.27\snakeyaml-1.27.jar;C:\Users\Administrator\.m2\repository\com\zaxxer\HikariCP\3.4.5\HikariCP-3.4.5.jar;C:\Users\Administrator\.m2\repository\org\springframework\spring-jdbc\5.3.3\spring-jdbc-5.3.3.jar;C:\Users\Administrator\.m2\repository\org\springframework\spring-beans\5.3.3\spring-beans-5.3.3.jar;C:\Users\Administrator\.m2\repository\org\springframework\spring-tx\5.3.3\spring-tx-5.3.3.jar;C:\Users\Administrator\.m2\repository\org\springframework\boot\spring-boot-starter-web\2.4.2\spring-boot-starter-web-2.4.2.jar;C:\Users\Administrator\.m2\repository\org\springframework\boot\spring-boot-starter-json\2.4.2\spring-boot-starter-json-2.4.2.jar;C:\Users\Administrator\.m2\repository\com\fasterxml\jackson\core\jackson-databind\2.11.4\jackson-databind-2.11.4.jar;C:\Users\Administrator\.m2\repository\com\fasterxml\jackson\core\jackson-core\2.11.4\jackson-core-2.11.4.jar;C:\Users\Administrator\.m2\repository\com\fasterxml\jackson\datatype\jackson-datatype-jdk8\2.11.4\jackson-datatype-jdk8-2.11.4.jar;C:\Users\Administrator\.m2\repository\com\fasterxml\jackson\datatype\jackson-datatype-jsr310\2.11.4\jackson-datatype-jsr310-2.11.4.jar;C:\Users\Administrator\.m2\repository\com\fasterxml\jackson\module\jackson-module-parameter-names\2.11.4\jackson-module-parameter-names-2.11.4.jar;C:\Users\Administrator\.m2\repository\org\springframework\spring-web\5.3.3\spring-web-5.3.3.jar;C:\Users\Administrator\.m2\repository\org\springframework\spring-webmvc\5.3.3\spring-webmvc-5.3.3.jar;C:\Users\Administrator\.m2\repository\org\springframework\spring-context\5.3.3\spring-context-5.3.3.jar;C:\Users\Administrator\.m2\repository\org\springframework\spring-expression\5.3.3\spring-expression-5.3.3.jar;C:\Users\Administrator\.m2\repository\org\mybatis\spring\boot\mybatis-spring-boot-starter\2.1.4\mybatis-spring-boot-starter-2.1.4.jar;C:\Users\Administrator\.m2\repository\org\mybatis\spring\boot\mybatis-spring-boot-autoconfigure\2.1.4\mybatis-spring-boot-autoconfigure-2.1.4.jar;C:\Users\Administrator\.m2\repository\org\mybatis\mybatis\3.5.6\mybatis-3.5.6.jar;C:\Users\Administrator\.m2\repository\org\mybatis\mybatis-spring\2.0.6\mybatis-spring-2.0.6.jar;C:\Users\Administrator\.m2\repository\mysql\mysql-connector-java\8.0.22\mysql-connector-java-8.0.22.jar;C:\Users\Administrator\.m2\repository\org\springframework\boot\spring-boot-starter-test\2.4.2\spring-boot-starter-test-2.4.2.jar;C:\Users\Administrator\.m2\repository\org\springframework\boot\spring-boot-test\2.4.2\spring-boot-test-2.4.2.jar;C:\Users\Administrator\.m2\repository\org\springframework\boot\spring-boot-test-autoconfigure\2.4.2\spring-boot-test-autoconfigure-2.4.2.jar;C:\Users\Administrator\.m2\repository\com\jayway\jsonpath\json-path\2.4.0\json-path-2.4.0.jar;C:\Users\Administrator\.m2\repository\net\minidev\json-smart\2.3\json-smart-2.3.jar;C:\Users\Administrator\.m2\repository\net\minidev\accessors-smart\1.2\accessors-smart-1.2.jar;C:\Users\Administrator\.m2\repository\org\ow2\asm\asm\5.0.4\asm-5.0.4.jar;C:\Users\Administrator\.m2\repository\jakarta\xml\bind\jakarta.xml.bind-api\2.3.3\jakarta.xml.bind-api-2.3.3.jar;C:\Users\Administrator\.m2\repository\jakarta\activation\jakarta.activation-api\1.2.2\jakarta.activation-api-1.2.2.jar;C:\Users\Administrator\.m2\repository\org\assertj\assertj-core\3.18.1\assertj-core-3.18.1.jar;C:\Users\Administrator\.m2\repository\org\hamcrest\hamcrest\2.2\hamcrest-2.2.jar;C:\Users\Administrator\.m2\repository\org\junit\jupiter\junit-jupiter\5.7.0\junit-jupiter-5.7.0.jar;C:\Users\Administrator\.m2\repository\org\junit\jupiter\junit-jupiter-api\5.7.0\junit-jupiter-api-5.7.0.jar;C:\Users\Administrator\.m2\repository\org\apiguardian\apiguardian-api\1.1.0\apiguardian-api-1.1.0.jar;C:\Users\Administrator\.m2\repository\org\opentest4j\opentest4j\1.2.0\opentest4j-1.2.0.jar;C:\Users\Administrator\.m2\repository\org\junit\platform\junit-platform-commons\1.7.0\junit-platform-commons-1.7.0.jar;C:\Users\Administrator\.m2\repository\org\junit\jupiter\junit-jupiter-params\5.7.0\junit-jupiter-params-5.7.0.jar;C:\Users\Administrator\.m2\repository\org\junit\jupiter\junit-jupiter-engine\5.7.0\junit-jupiter-engine-5.7.0.jar;C:\Users\Administrator\.m2\repository\org\junit\platform\junit-platform-engine\1.7.0\junit-platform-engine-1.7.0.jar;C:\Users\Administrator\.m2\repository\org\mockito\mockito-core\3.6.28\mockito-core-3.6.28.jar;C:\Users\Administrator\.m2\repository\net\bytebuddy\byte-buddy\1.10.19\byte-buddy-1.10.19.jar;C:\Users\Administrator\.m2\repository\net\bytebuddy\byte-buddy-agent\1.10.19\byte-buddy-agent-1.10.19.jar;C:\Users\Administrator\.m2\repository\org\objenesis\objenesis\3.1\objenesis-3.1.jar;C:\Users\Administrator\.m2\repository\org\mockito\mockito-junit-jupiter\3.6.28\mockito-junit-jupiter-3.6.28.jar;C:\Users\Administrator\.m2\repository\org\skyscreamer\jsonassert\1.5.0\jsonassert-1.5.0.jar;C:\Users\Administrator\.m2\repository\com\vaadin\external\google\android-json\0.0.20131108.vaadin1\android-json-0.0.20131108.vaadin1.jar;C:\Users\Administrator\.m2\repository\org\springframework\spring-core\5.3.3\spring-core-5.3.3.jar;C:\Users\Administrator\.m2\repository\org\springframework\spring-jcl\5.3.3\spring-jcl-5.3.3.jar;C:\Users\Administrator\.m2\repository\org\springframework\spring-test\5.3.3\spring-test-5.3.3.jar;C:\Users\Administrator\.m2\repository\org\xmlunit\xmlunit-core\2.7.0\xmlunit-core-2.7.0.jar;C:\Users\Administrator\.m2\repository\org\springframework\boot\spring-boot-starter-tomcat\2.4.2\spring-boot-starter-tomcat-2.4.2.jar;C:\Users\Administrator\.m2\repository\jakarta\annotation\jakarta.annotation-api\1.3.5\jakarta.annotation-api-1.3.5.jar;C:\Users\Administrator\.m2\repository\org\apache\tomcat\embed\tomcat-embed-core\9.0.41\tomcat-embed-core-9.0.41.jar;C:\Users\Administrator\.m2\repository\org\glassfish\jakarta.el\3.0.3\jakarta.el-3.0.3.jar;C:\Users\Administrator\.m2\repository\org\apache\tomcat\embed\tomcat-embed-websocket\9.0.41\tomcat-embed-websocket-9.0.41.jar;C:\Users\Administrator\.m2\repository\org\apache\tomcat\embed\tomcat-embed-jasper\9.0.41\tomcat-embed-jasper-9.0.41.jar;C:\Users\Administrator\.m2\repository\org\apache\tomcat\embed\tomcat-embed-el\9.0.41\tomcat-embed-el-9.0.41.jar;C:\Users\Administrator\.m2\repository\org\eclipse\jdt\ecj\3.18.0\ecj-3.18.0.jar;C:\Users\Administrator\.m2\repository\org\springframework\boot\spring-boot-devtools\2.4.2\spring-boot-devtools-2.4.2.jar;C:\Users\Administrator\.m2\repository\org\springframework\boot\spring-boot\2.4.2\spring-boot-2.4.2.jar;C:\Users\Administrator\.m2\repository\org\springframework\boot\spring-boot-autoconfigure\2.4.2\spring-boot-autoconfigure-2.4.2.jar;C:\Users\Administrator\.m2\repository\org\springframework\boot\spring-boot-starter-data-redis\2.4.2\spring-boot-starter-data-redis-2.4.2.jar;C:\Users\Administrator\.m2\repository\org\springframework\data\spring-data-redis\2.4.3\spring-data-redis-2.4.3.jar;C:\Users\Administrator\.m2\repository\org\springframework\data\spring-data-keyvalue\2.4.3\spring-data-keyvalue-2.4.3.jar;C:\Users\Administrator\.m2\repository\org\springframework\data\spring-data-commons\2.4.3\spring-data-commons-2.4.3.jar;C:\Users\Administrator\.m2\repository\org\springframework\spring-oxm\5.3.3\spring-oxm-5.3.3.jar;C:\Users\Administrator\.m2\repository\org\springframework\spring-context-support\5.3.3\spring-context-support-5.3.3.jar;C:\Users\Administrator\.m2\repository\io\lettuce\lettuce-core\6.0.2.RELEASE\lettuce-core-6.0.2.RELEASE.jar;C:\Users\Administrator\.m2\repository\io\netty\netty-common\4.1.58.Final\netty-common-4.1.58.Final.jar;C:\Users\Administrator\.m2\repository\io\netty\netty-handler\4.1.58.Final\netty-handler-4.1.58.Final.jar;C:\Users\Administrator\.m2\repository\io\netty\netty-resolver\4.1.58.Final\netty-resolver-4.1.58.Final.jar;C:\Users\Administrator\.m2\repository\io\netty\netty-buffer\4.1.58.Final\netty-buffer-4.1.58.Final.jar;C:\Users\Administrator\.m2\repository\io\netty\netty-codec\4.1.58.Final\netty-codec-4.1.58.Final.jar;C:\Users\Administrator\.m2\repository\io\netty\netty-transport\4.1.58.Final\netty-transport-4.1.58.Final.jar;C:\Users\Administrator\.m2\repository\io\projectreactor\reactor-core\3.4.2\reactor-core-3.4.2.jar;C:\Users\Administrator\.m2\repository\org\reactivestreams\reactive-streams\1.0.3\reactive-streams-1.0.3.jar;C:\Users\Administrator\.m2\repository\org\apache\commons\commons-pool2\2.9.0\commons-pool2-2.9.0.jar;C:\Users\Administrator\.m2\repository\com\github\pagehelper\pagehelper-spring-boot-starter\1.2.10\pagehelper-spring-boot-starter-1.2.10.jar;C:\Users\Administrator\.m2\repository\com\github\pagehelper\pagehelper-spring-boot-autoconfigure\1.2.10\pagehelper-spring-boot-autoconfigure-1.2.10.jar;C:\Users\Administrator\.m2\repository\com\github\pagehelper\pagehelper\5.1.8\pagehelper-5.1.8.jar;C:\Users\Administrator\.m2\repository\com\github\jsqlparser\jsqlparser\1.2\jsqlparser-1.2.jar;C:\Users\Administrator\.m2\repository\org\projectlombok\lombok\1.18.18\lombok-1.18.18.jar;C:\Users\Administrator\.m2\repository\org\springframework\boot\spring-boot-configuration-processor\2.4.2\spring-boot-configuration-processor-2.4.2.jar;C:\Users\Administrator\.m2\repository\commons-lang\commons-lang\2.6\commons-lang-2.6.jar;C:\Users\Administrator\.m2\repository\commons-io\commons-io\2.6\commons-io-2.6.jar;C:\Users\Administrator\.m2\repository\org\springframework\boot\spring-boot-starter-aop\2.4.2\spring-boot-starter-aop-2.4.2.jar;C:\Users\Administrator\.m2\repository\org\springframework\spring-aop\5.3.3\spring-aop-5.3.3.jar;C:\Users\Administrator\.m2\repository\org\aspectj\aspectjweaver\1.9.6\aspectjweaver-1.9.6.jar;C:\Users\Administrator\.m2\repository\org\springframework\boot\spring-boot-starter-thymeleaf\2.4.2\spring-boot-starter-thymeleaf-2.4.2.jar;C:\Users\Administrator\.m2\repository\org\thymeleaf\thymeleaf-spring5\3.0.12.RELEASE\thymeleaf-spring5-3.0.12.RELEASE.jar;C:\Users\Administrator\.m2\repository\org\thymeleaf\thymeleaf\3.0.12.RELEASE\thymeleaf-3.0.12.RELEASE.jar;C:\Users\Administrator\.m2\repository\org\attoparser\attoparser\2.0.5.RELEASE\attoparser-2.0.5.RELEASE.jar;C:\Users\Administrator\.m2\repository\org\unbescape\unbescape\1.1.6.RELEASE\unbescape-1.1.6.RELEASE.jar;C:\Users\Administrator\.m2\repository\org\thymeleaf\extras\thymeleaf-extras-java8time\3.0.4.RELEASE\thymeleaf-extras-java8time-3.0.4.RELEASE.jar;C:\Users\Administrator\.m2\repository\org\apache\shiro\shiro-spring-boot-starter\1.7.1\shiro-spring-boot-starter-1.7.1.jar;C:\Users\Administrator\.m2\repository\org\apache\shiro\shiro-spring\1.7.1\shiro-spring-1.7.1.jar;C:\Users\Administrator\.m2\repository\org\apache\shiro\shiro-core\1.7.1\shiro-core-1.7.1.jar;C:\Users\Administrator\.m2\repository\org\apache\shiro\shiro-lang\1.7.1\shiro-lang-1.7.1.jar;C:\Users\Administrator\.m2\repository\org\apache\shiro\shiro-cache\1.7.1\shiro-cache-1.7.1.jar;C:\Users\Administrator\.m2\repository\org\apache\shiro\shiro-crypto-hash\1.7.1\shiro-crypto-hash-1.7.1.jar;C:\Users\Administrator\.m2\repository\org\apache\shiro\shiro-crypto-core\1.7.1\shiro-crypto-core-1.7.1.jar;C:\Users\Administrator\.m2\repository\org\apache\shiro\shiro-crypto-cipher\1.7.1\shiro-crypto-cipher-1.7.1.jar;C:\Users\Administrator\.m2\repository\org\apache\shiro\shiro-config-core\1.7.1\shiro-config-core-1.7.1.jar;C:\Users\Administrator\.m2\repository\org\apache\shiro\shiro-config-ogdl\1.7.1\shiro-config-ogdl-1.7.1.jar;C:\Users\Administrator\.m2\repository\commons-beanutils\commons-beanutils\1.9.4\commons-beanutils-1.9.4.jar;C:\Users\Administrator\.m2\repository\commons-collections\commons-collections\3.2.2\commons-collections-3.2.2.jar;C:\Users\Administrator\.m2\repository\org\apache\shiro\shiro-event\1.7.1\shiro-event-1.7.1.jar;C:\Users\Administrator\.m2\repository\org\apache\shiro\shiro-web\1.7.1\shiro-web-1.7.1.jar;C:\Users\Administrator\.m2\repository\org\owasp\encoder\encoder\1.2.2\encoder-1.2.2.jar;C:\Users\Administrator\.m2\repository\com\github\theborakompanioni\thymeleaf-extras-shiro\2.0.0\thymeleaf-extras-shiro-2.0.0.jar;C:\Users\Administrator\.m2\repository\org\springframework\boot\spring-boot-starter-security\2.4.2\spring-boot-starter-security-2.4.2.jar;C:\Users\Administrator\.m2\repository\org\springframework\security\spring-security-config\5.4.2\spring-security-config-5.4.2.jar;C:\Users\Administrator\.m2\repository\org\springframework\security\spring-security-core\5.4.2\spring-security-core-5.4.2.jar;C:\Users\Administrator\.m2\repository\org\springframework\security\spring-security-web\5.4.2\spring-security-web-5.4.2.jar;C:\Users\Administrator\.m2\repository\org\thymeleaf\extras\thymeleaf-extras-springsecurity5\3.0.4.RELEASE\thymeleaf-extras-springsecurity5-3.0.4.RELEASE.jar;C:\Users\Administrator\.m2\repository\org\slf4j\slf4j-api\1.7.30\slf4j-api-1.7.30.jar;C:\Users\Administrator\.m2\repository\io\springfox\springfox-swagger2\2.9.2\springfox-swagger2-2.9.2.jar;C:\Users\Administrator\.m2\repository\io\swagger\swagger-annotations\1.5.20\swagger-annotations-1.5.20.jar;C:\Users\Administrator\.m2\repository\io\swagger\swagger-models\1.5.20\swagger-models-1.5.20.jar;C:\Users\Administrator\.m2\repository\com\fasterxml\jackson\core\jackson-annotations\2.11.4\jackson-annotations-2.11.4.jar;C:\Users\Administrator\.m2\repository\io\springfox\springfox-spi\2.9.2\springfox-spi-2.9.2.jar;C:\Users\Administrator\.m2\repository\io\springfox\springfox-core\2.9.2\springfox-core-2.9.2.jar;C:\Users\Administrator\.m2\repository\io\springfox\springfox-schema\2.9.2\springfox-schema-2.9.2.jar;C:\Users\Administrator\.m2\repository\io\springfox\springfox-swagger-common\2.9.2\springfox-swagger-common-2.9.2.jar;C:\Users\Administrator\.m2\repository\io\springfox\springfox-spring-web\2.9.2\springfox-spring-web-2.9.2.jar;C:\Users\Administrator\.m2\repository\com\google\guava\guava\20.0\guava-20.0.jar;C:\Users\Administrator\.m2\repository\com\fasterxml\classmate\1.5.1\classmate-1.5.1.jar;C:\Users\Administrator\.m2\repository\org\springframework\plugin\spring-plugin-core\1.2.0.RELEASE\spring-plugin-core-1.2.0.RELEASE.jar;C:\Users\Administrator\.m2\repository\org\springframework\plugin\spring-plugin-metadata\1.2.0.RELEASE\spring-plugin-metadata-1.2.0.RELEASE.jar;C:\Users\Administrator\.m2\repository\org\mapstruct\mapstruct\1.2.0.Final\mapstruct-1.2.0.Final.jar;C:\Users\Administrator\.m2\repository\io\springfox\springfox-swagger-ui\2.9.2\springfox-swagger-ui-2.9.2.jar;"/>
    <property name="java.vm.vendor" value="Oracle Corporation"/>
    <property name="sun.arch.data.model" value="64"/>
    <property name="user.variant" value=""/>
    <property name="java.vendor.url" value="http://java.oracle.com/"/>
    <property name="user.timezone" value="Asia/Shanghai"/>
    <property name="java.vm.specification.version" value="1.8"/>
    <property name="os.name" value="Windows 7"/>
    <property name="user.country" value="CN"/>
    <property name="sun.java.launcher" value="SUN_STANDARD"/>
    <property name="sun.boot.library.path" value="D:\Java\jdk1.8.0_31\jre\bin"/>
    <property name="sun.java.command" value="C:\Users\ADMINI~1\AppData\Local\Temp\surefire148589776664339442\surefirebooter6600090443603699623.jar C:\Users\Administrator\AppData\Local\Temp\surefire148589776664339442 2021-04-22T15-34-04_164-jvmRun1 surefire8139943781177648558tmp surefire_04232150032033403592tmp"/>
    <property name="surefire.test.class.path" value="F:\IdeaProjects\ted\target\test-classes;F:\IdeaProjects\ted\target\classes;C:\Users\Administrator\.m2\repository\org\springframework\boot\spring-boot-starter-jdbc\2.4.2\spring-boot-starter-jdbc-2.4.2.jar;C:\Users\Administrator\.m2\repository\org\springframework\boot\spring-boot-starter\2.4.2\spring-boot-starter-2.4.2.jar;C:\Users\Administrator\.m2\repository\org\springframework\boot\spring-boot-starter-logging\2.4.2\spring-boot-starter-logging-2.4.2.jar;C:\Users\Administrator\.m2\repository\ch\qos\logback\logback-classic\1.2.3\logback-classic-1.2.3.jar;C:\Users\Administrator\.m2\repository\ch\qos\logback\logback-core\1.2.3\logback-core-1.2.3.jar;C:\Users\Administrator\.m2\repository\org\apache\logging\log4j\log4j-to-slf4j\2.13.3\log4j-to-slf4j-2.13.3.jar;C:\Users\Administrator\.m2\repository\org\apache\logging\log4j\log4j-api\2.13.3\log4j-api-2.13.3.jar;C:\Users\Administrator\.m2\repository\org\slf4j\jul-to-slf4j\1.7.30\jul-to-slf4j-1.7.30.jar;C:\Users\Administrator\.m2\repository\org\yaml\snakeyaml\1.27\snakeyaml-1.27.jar;C:\Users\Administrator\.m2\repository\com\zaxxer\HikariCP\3.4.5\HikariCP-3.4.5.jar;C:\Users\Administrator\.m2\repository\org\springframework\spring-jdbc\5.3.3\spring-jdbc-5.3.3.jar;C:\Users\Administrator\.m2\repository\org\springframework\spring-beans\5.3.3\spring-beans-5.3.3.jar;C:\Users\Administrator\.m2\repository\org\springframework\spring-tx\5.3.3\spring-tx-5.3.3.jar;C:\Users\Administrator\.m2\repository\org\springframework\boot\spring-boot-starter-web\2.4.2\spring-boot-starter-web-2.4.2.jar;C:\Users\Administrator\.m2\repository\org\springframework\boot\spring-boot-starter-json\2.4.2\spring-boot-starter-json-2.4.2.jar;C:\Users\Administrator\.m2\repository\com\fasterxml\jackson\core\jackson-databind\2.11.4\jackson-databind-2.11.4.jar;C:\Users\Administrator\.m2\repository\com\fasterxml\jackson\core\jackson-core\2.11.4\jackson-core-2.11.4.jar;C:\Users\Administrator\.m2\repository\com\fasterxml\jackson\datatype\jackson-datatype-jdk8\2.11.4\jackson-datatype-jdk8-2.11.4.jar;C:\Users\Administrator\.m2\repository\com\fasterxml\jackson\datatype\jackson-datatype-jsr310\2.11.4\jackson-datatype-jsr310-2.11.4.jar;C:\Users\Administrator\.m2\repository\com\fasterxml\jackson\module\jackson-module-parameter-names\2.11.4\jackson-module-parameter-names-2.11.4.jar;C:\Users\Administrator\.m2\repository\org\springframework\spring-web\5.3.3\spring-web-5.3.3.jar;C:\Users\Administrator\.m2\repository\org\springframework\spring-webmvc\5.3.3\spring-webmvc-5.3.3.jar;C:\Users\Administrator\.m2\repository\org\springframework\spring-context\5.3.3\spring-context-5.3.3.jar;C:\Users\Administrator\.m2\repository\org\springframework\spring-expression\5.3.3\spring-expression-5.3.3.jar;C:\Users\Administrator\.m2\repository\org\mybatis\spring\boot\mybatis-spring-boot-starter\2.1.4\mybatis-spring-boot-starter-2.1.4.jar;C:\Users\Administrator\.m2\repository\org\mybatis\spring\boot\mybatis-spring-boot-autoconfigure\2.1.4\mybatis-spring-boot-autoconfigure-2.1.4.jar;C:\Users\Administrator\.m2\repository\org\mybatis\mybatis\3.5.6\mybatis-3.5.6.jar;C:\Users\Administrator\.m2\repository\org\mybatis\mybatis-spring\2.0.6\mybatis-spring-2.0.6.jar;C:\Users\Administrator\.m2\repository\mysql\mysql-connector-java\8.0.22\mysql-connector-java-8.0.22.jar;C:\Users\Administrator\.m2\repository\org\springframework\boot\spring-boot-starter-test\2.4.2\spring-boot-starter-test-2.4.2.jar;C:\Users\Administrator\.m2\repository\org\springframework\boot\spring-boot-test\2.4.2\spring-boot-test-2.4.2.jar;C:\Users\Administrator\.m2\repository\org\springframework\boot\spring-boot-test-autoconfigure\2.4.2\spring-boot-test-autoconfigure-2.4.2.jar;C:\Users\Administrator\.m2\repository\com\jayway\jsonpath\json-path\2.4.0\json-path-2.4.0.jar;C:\Users\Administrator\.m2\repository\net\minidev\json-smart\2.3\json-smart-2.3.jar;C:\Users\Administrator\.m2\repository\net\minidev\accessors-smart\1.2\accessors-smart-1.2.jar;C:\Users\Administrator\.m2\repository\org\ow2\asm\asm\5.0.4\asm-5.0.4.jar;C:\Users\Administrator\.m2\repository\jakarta\xml\bind\jakarta.xml.bind-api\2.3.3\jakarta.xml.bind-api-2.3.3.jar;C:\Users\Administrator\.m2\repository\jakarta\activation\jakarta.activation-api\1.2.2\jakarta.activation-api-1.2.2.jar;C:\Users\Administrator\.m2\repository\org\assertj\assertj-core\3.18.1\assertj-core-3.18.1.jar;C:\Users\Administrator\.m2\repository\org\hamcrest\hamcrest\2.2\hamcrest-2.2.jar;C:\Users\Administrator\.m2\repository\org\junit\jupiter\junit-jupiter\5.7.0\junit-jupiter-5.7.0.jar;C:\Users\Administrator\.m2\repository\org\junit\jupiter\junit-jupiter-api\5.7.0\junit-jupiter-api-5.7.0.jar;C:\Users\Administrator\.m2\repository\org\apiguardian\apiguardian-api\1.1.0\apiguardian-api-1.1.0.jar;C:\Users\Administrator\.m2\repository\org\opentest4j\opentest4j\1.2.0\opentest4j-1.2.0.jar;C:\Users\Administrator\.m2\repository\org\junit\platform\junit-platform-commons\1.7.0\junit-platform-commons-1.7.0.jar;C:\Users\Administrator\.m2\repository\org\junit\jupiter\junit-jupiter-params\5.7.0\junit-jupiter-params-5.7.0.jar;C:\Users\Administrator\.m2\repository\org\junit\jupiter\junit-jupiter-engine\5.7.0\junit-jupiter-engine-5.7.0.jar;C:\Users\Administrator\.m2\repository\org\junit\platform\junit-platform-engine\1.7.0\junit-platform-engine-1.7.0.jar;C:\Users\Administrator\.m2\repository\org\mockito\mockito-core\3.6.28\mockito-core-3.6.28.jar;C:\Users\Administrator\.m2\repository\net\bytebuddy\byte-buddy\1.10.19\byte-buddy-1.10.19.jar;C:\Users\Administrator\.m2\repository\net\bytebuddy\byte-buddy-agent\1.10.19\byte-buddy-agent-1.10.19.jar;C:\Users\Administrator\.m2\repository\org\objenesis\objenesis\3.1\objenesis-3.1.jar;C:\Users\Administrator\.m2\repository\org\mockito\mockito-junit-jupiter\3.6.28\mockito-junit-jupiter-3.6.28.jar;C:\Users\Administrator\.m2\repository\org\skyscreamer\jsonassert\1.5.0\jsonassert-1.5.0.jar;C:\Users\Administrator\.m2\repository\com\vaadin\external\google\android-json\0.0.20131108.vaadin1\android-json-0.0.20131108.vaadin1.jar;C:\Users\Administrator\.m2\repository\org\springframework\spring-core\5.3.3\spring-core-5.3.3.jar;C:\Users\Administrator\.m2\repository\org\springframework\spring-jcl\5.3.3\spring-jcl-5.3.3.jar;C:\Users\Administrator\.m2\repository\org\springframework\spring-test\5.3.3\spring-test-5.3.3.jar;C:\Users\Administrator\.m2\repository\org\xmlunit\xmlunit-core\2.7.0\xmlunit-core-2.7.0.jar;C:\Users\Administrator\.m2\repository\org\springframework\boot\spring-boot-starter-tomcat\2.4.2\spring-boot-starter-tomcat-2.4.2.jar;C:\Users\Administrator\.m2\repository\jakarta\annotation\jakarta.annotation-api\1.3.5\jakarta.annotation-api-1.3.5.jar;C:\Users\Administrator\.m2\repository\org\apache\tomcat\embed\tomcat-embed-core\9.0.41\tomcat-embed-core-9.0.41.jar;C:\Users\Administrator\.m2\repository\org\glassfish\jakarta.el\3.0.3\jakarta.el-3.0.3.jar;C:\Users\Administrator\.m2\repository\org\apache\tomcat\embed\tomcat-embed-websocket\9.0.41\tomcat-embed-websocket-9.0.41.jar;C:\Users\Administrator\.m2\repository\org\apache\tomcat\embed\tomcat-embed-jasper\9.0.41\tomcat-embed-jasper-9.0.41.jar;C:\Users\Administrator\.m2\repository\org\apache\tomcat\embed\tomcat-embed-el\9.0.41\tomcat-embed-el-9.0.41.jar;C:\Users\Administrator\.m2\repository\org\eclipse\jdt\ecj\3.18.0\ecj-3.18.0.jar;C:\Users\Administrator\.m2\repository\org\springframework\boot\spring-boot-devtools\2.4.2\spring-boot-devtools-2.4.2.jar;C:\Users\Administrator\.m2\repository\org\springframework\boot\spring-boot\2.4.2\spring-boot-2.4.2.jar;C:\Users\Administrator\.m2\repository\org\springframework\boot\spring-boot-autoconfigure\2.4.2\spring-boot-autoconfigure-2.4.2.jar;C:\Users\Administrator\.m2\repository\org\springframework\boot\spring-boot-starter-data-redis\2.4.2\spring-boot-starter-data-redis-2.4.2.jar;C:\Users\Administrator\.m2\repository\org\springframework\data\spring-data-redis\2.4.3\spring-data-redis-2.4.3.jar;C:\Users\Administrator\.m2\repository\org\springframework\data\spring-data-keyvalue\2.4.3\spring-data-keyvalue-2.4.3.jar;C:\Users\Administrator\.m2\repository\org\springframework\data\spring-data-commons\2.4.3\spring-data-commons-2.4.3.jar;C:\Users\Administrator\.m2\repository\org\springframework\spring-oxm\5.3.3\spring-oxm-5.3.3.jar;C:\Users\Administrator\.m2\repository\org\springframework\spring-context-support\5.3.3\spring-context-support-5.3.3.jar;C:\Users\Administrator\.m2\repository\io\lettuce\lettuce-core\6.0.2.RELEASE\lettuce-core-6.0.2.RELEASE.jar;C:\Users\Administrator\.m2\repository\io\netty\netty-common\4.1.58.Final\netty-common-4.1.58.Final.jar;C:\Users\Administrator\.m2\repository\io\netty\netty-handler\4.1.58.Final\netty-handler-4.1.58.Final.jar;C:\Users\Administrator\.m2\repository\io\netty\netty-resolver\4.1.58.Final\netty-resolver-4.1.58.Final.jar;C:\Users\Administrator\.m2\repository\io\netty\netty-buffer\4.1.58.Final\netty-buffer-4.1.58.Final.jar;C:\Users\Administrator\.m2\repository\io\netty\netty-codec\4.1.58.Final\netty-codec-4.1.58.Final.jar;C:\Users\Administrator\.m2\repository\io\netty\netty-transport\4.1.58.Final\netty-transport-4.1.58.Final.jar;C:\Users\Administrator\.m2\repository\io\projectreactor\reactor-core\3.4.2\reactor-core-3.4.2.jar;C:\Users\Administrator\.m2\repository\org\reactivestreams\reactive-streams\1.0.3\reactive-streams-1.0.3.jar;C:\Users\Administrator\.m2\repository\org\apache\commons\commons-pool2\2.9.0\commons-pool2-2.9.0.jar;C:\Users\Administrator\.m2\repository\com\github\pagehelper\pagehelper-spring-boot-starter\1.2.10\pagehelper-spring-boot-starter-1.2.10.jar;C:\Users\Administrator\.m2\repository\com\github\pagehelper\pagehelper-spring-boot-autoconfigure\1.2.10\pagehelper-spring-boot-autoconfigure-1.2.10.jar;C:\Users\Administrator\.m2\repository\com\github\pagehelper\pagehelper\5.1.8\pagehelper-5.1.8.jar;C:\Users\Administrator\.m2\repository\com\github\jsqlparser\jsqlparser\1.2\jsqlparser-1.2.jar;C:\Users\Administrator\.m2\repository\org\projectlombok\lombok\1.18.18\lombok-1.18.18.jar;C:\Users\Administrator\.m2\repository\org\springframework\boot\spring-boot-configuration-processor\2.4.2\spring-boot-configuration-processor-2.4.2.jar;C:\Users\Administrator\.m2\repository\commons-lang\commons-lang\2.6\commons-lang-2.6.jar;C:\Users\Administrator\.m2\repository\commons-io\commons-io\2.6\commons-io-2.6.jar;C:\Users\Administrator\.m2\repository\org\springframework\boot\spring-boot-starter-aop\2.4.2\spring-boot-starter-aop-2.4.2.jar;C:\Users\Administrator\.m2\repository\org\springframework\spring-aop\5.3.3\spring-aop-5.3.3.jar;C:\Users\Administrator\.m2\repository\org\aspectj\aspectjweaver\1.9.6\aspectjweaver-1.9.6.jar;C:\Users\Administrator\.m2\repository\org\springframework\boot\spring-boot-starter-thymeleaf\2.4.2\spring-boot-starter-thymeleaf-2.4.2.jar;C:\Users\Administrator\.m2\repository\org\thymeleaf\thymeleaf-spring5\3.0.12.RELEASE\thymeleaf-spring5-3.0.12.RELEASE.jar;C:\Users\Administrator\.m2\repository\org\thymeleaf\thymeleaf\3.0.12.RELEASE\thymeleaf-3.0.12.RELEASE.jar;C:\Users\Administrator\.m2\repository\org\attoparser\attoparser\2.0.5.RELEASE\attoparser-2.0.5.RELEASE.jar;C:\Users\Administrator\.m2\repository\org\unbescape\unbescape\1.1.6.RELEASE\unbescape-1.1.6.RELEASE.jar;C:\Users\Administrator\.m2\repository\org\thymeleaf\extras\thymeleaf-extras-java8time\3.0.4.RELEASE\thymeleaf-extras-java8time-3.0.4.RELEASE.jar;C:\Users\Administrator\.m2\repository\org\apache\shiro\shiro-spring-boot-starter\1.7.1\shiro-spring-boot-starter-1.7.1.jar;C:\Users\Administrator\.m2\repository\org\apache\shiro\shiro-spring\1.7.1\shiro-spring-1.7.1.jar;C:\Users\Administrator\.m2\repository\org\apache\shiro\shiro-core\1.7.1\shiro-core-1.7.1.jar;C:\Users\Administrator\.m2\repository\org\apache\shiro\shiro-lang\1.7.1\shiro-lang-1.7.1.jar;C:\Users\Administrator\.m2\repository\org\apache\shiro\shiro-cache\1.7.1\shiro-cache-1.7.1.jar;C:\Users\Administrator\.m2\repository\org\apache\shiro\shiro-crypto-hash\1.7.1\shiro-crypto-hash-1.7.1.jar;C:\Users\Administrator\.m2\repository\org\apache\shiro\shiro-crypto-core\1.7.1\shiro-crypto-core-1.7.1.jar;C:\Users\Administrator\.m2\repository\org\apache\shiro\shiro-crypto-cipher\1.7.1\shiro-crypto-cipher-1.7.1.jar;C:\Users\Administrator\.m2\repository\org\apache\shiro\shiro-config-core\1.7.1\shiro-config-core-1.7.1.jar;C:\Users\Administrator\.m2\repository\org\apache\shiro\shiro-config-ogdl\1.7.1\shiro-config-ogdl-1.7.1.jar;C:\Users\Administrator\.m2\repository\commons-beanutils\commons-beanutils\1.9.4\commons-beanutils-1.9.4.jar;C:\Users\Administrator\.m2\repository\commons-collections\commons-collections\3.2.2\commons-collections-3.2.2.jar;C:\Users\Administrator\.m2\repository\org\apache\shiro\shiro-event\1.7.1\shiro-event-1.7.1.jar;C:\Users\Administrator\.m2\repository\org\apache\shiro\shiro-web\1.7.1\shiro-web-1.7.1.jar;C:\Users\Administrator\.m2\repository\org\owasp\encoder\encoder\1.2.2\encoder-1.2.2.jar;C:\Users\Administrator\.m2\repository\com\github\theborakompanioni\thymeleaf-extras-shiro\2.0.0\thymeleaf-extras-shiro-2.0.0.jar;C:\Users\Administrator\.m2\repository\org\springframework\boot\spring-boot-starter-security\2.4.2\spring-boot-starter-security-2.4.2.jar;C:\Users\Administrator\.m2\repository\org\springframework\security\spring-security-config\5.4.2\spring-security-config-5.4.2.jar;C:\Users\Administrator\.m2\repository\org\springframework\security\spring-security-core\5.4.2\spring-security-core-5.4.2.jar;C:\Users\Administrator\.m2\repository\org\springframework\security\spring-security-web\5.4.2\spring-security-web-5.4.2.jar;C:\Users\Administrator\.m2\repository\org\thymeleaf\extras\thymeleaf-extras-springsecurity5\3.0.4.RELEASE\thymeleaf-extras-springsecurity5-3.0.4.RELEASE.jar;C:\Users\Administrator\.m2\repository\org\slf4j\slf4j-api\1.7.30\slf4j-api-1.7.30.jar;C:\Users\Administrator\.m2\repository\io\springfox\springfox-swagger2\2.9.2\springfox-swagger2-2.9.2.jar;C:\Users\Administrator\.m2\repository\io\swagger\swagger-annotations\1.5.20\swagger-annotations-1.5.20.jar;C:\Users\Administrator\.m2\repository\io\swagger\swagger-models\1.5.20\swagger-models-1.5.20.jar;C:\Users\Administrator\.m2\repository\com\fasterxml\jackson\core\jackson-annotations\2.11.4\jackson-annotations-2.11.4.jar;C:\Users\Administrator\.m2\repository\io\springfox\springfox-spi\2.9.2\springfox-spi-2.9.2.jar;C:\Users\Administrator\.m2\repository\io\springfox\springfox-core\2.9.2\springfox-core-2.9.2.jar;C:\Users\Administrator\.m2\repository\io\springfox\springfox-schema\2.9.2\springfox-schema-2.9.2.jar;C:\Users\Administrator\.m2\repository\io\springfox\springfox-swagger-common\2.9.2\springfox-swagger-common-2.9.2.jar;C:\Users\Administrator\.m2\repository\io\springfox\springfox-spring-web\2.9.2\springfox-spring-web-2.9.2.jar;C:\Users\Administrator\.m2\repository\com\google\guava\guava\20.0\guava-20.0.jar;C:\Users\Administrator\.m2\repository\com\fasterxml\classmate\1.5.1\classmate-1.5.1.jar;C:\Users\Administrator\.m2\repository\org\springframework\plugin\spring-plugin-core\1.2.0.RELEASE\spring-plugin-core-1.2.0.RELEASE.jar;C:\Users\Administrator\.m2\repository\org\springframework\plugin\spring-plugin-metadata\1.2.0.RELEASE\spring-plugin-metadata-1.2.0.RELEASE.jar;C:\Users\Administrator\.m2\repository\org\mapstruct\mapstruct\1.2.0.Final\mapstruct-1.2.0.Final.jar;C:\Users\Administrator\.m2\repository\io\springfox\springfox-swagger-ui\2.9.2\springfox-swagger-ui-2.9.2.jar;"/>
    <property name="sun.cpu.endian" value="little"/>
    <property name="user.home" value="C:\Users\Administrator"/>
    <property name="user.language" value="zh"/>
    <property name="java.specification.vendor" value="Oracle Corporation"/>
    <property name="java.home" value="D:\Java\jdk1.8.0_31\jre"/>
    <property name="basedir" value="F:\IdeaProjects\ted"/>
    <property name="file.separator" value="\"/>
    <property name="line.separator" value="&#10;"/>
    <property name="java.vm.specification.vendor" value="Oracle Corporation"/>
    <property name="java.specification.name" value="Java Platform API Specification"/>
    <property name="java.awt.graphicsenv" value="sun.awt.Win32GraphicsEnvironment"/>
    <property name="surefire.real.class.path" value="C:\Users\ADMINI~1\AppData\Local\Temp\surefire148589776664339442\surefirebooter6600090443603699623.jar"/>
    <property name="sun.boot.class.path" value="D:\Java\jdk1.8.0_31\jre\lib\resources.jar;D:\Java\jdk1.8.0_31\jre\lib\rt.jar;D:\Java\jdk1.8.0_31\jre\lib\sunrsasign.jar;D:\Java\jdk1.8.0_31\jre\lib\jsse.jar;D:\Java\jdk1.8.0_31\jre\lib\jce.jar;D:\Java\jdk1.8.0_31\jre\lib\charsets.jar;D:\Java\jdk1.8.0_31\jre\lib\jfr.jar;D:\Java\jdk1.8.0_31\jre\classes"/>
    <property name="user.script" value=""/>
    <property name="sun.management.compiler" value="HotSpot 64-Bit Tiered Compilers"/>
    <property name="java.runtime.version" value="1.8.0_31-b13"/>
    <property name="user.name" value="Administrator"/>
    <property name="path.separator" value=";"/>
    <property name="os.version" value="6.1"/>
    <property name="java.endorsed.dirs" value="D:\Java\jdk1.8.0_31\jre\lib\endorsed"/>
    <property name="java.runtime.name" value="Java(TM) SE Runtime Environment"/>
    <property name="file.encoding" value="GBK"/>
    <property name="java.vm.name" value="Java HotSpot(TM) 64-Bit Server VM"/>
    <property name="localRepository" value="C:\Users\Administrator\.m2\repository"/>
    <property name="java.vendor.url.bug" value="http://bugreport.sun.com/bugreport/"/>
    <property name="java.io.tmpdir" value="C:\Users\ADMINI~1\AppData\Local\Temp\"/>
    <property name="idea.version" value="2021.1"/>
    <property name="java.version" value="1.8.0_31"/>
    <property name="user.dir" value="F:\IdeaProjects\ted"/>
    <property name="os.arch" value="amd64"/>
    <property name="java.vm.specification.name" value="Java Virtual Machine Specification"/>
    <property name="java.awt.printerjob" value="sun.awt.windows.WPrinterJob"/>
    <property name="sun.os.patch.level" value="Service Pack 1"/>
    <property name="java.library.path" value="D:\Java\jdk1.8.0_31\jre\bin;C:\Windows\Sun\Java\bin;C:\Windows\system32;C:\Windows;C:\Windows\system32;C:\Windows;C:\Windows\System32\Wbem;C:\Windows\System32\WindowsPowerShell\v1.0\;D:\Java\jdk1.8.0_31\bin;D:\Java\jdk1.8.0_31\jre\bin;E:\www\Php;D:\Android\sdk\platform-tools;E:\ffmpeg\bin;C:\Program Files (x86)\NVIDIA Corporation\PhysX\Common;D:\Python27;D:\Python27\Scripts;D:\Java\tomcat\bin;D:\Java\tomcat\lib;D:\MacType;E:\www\Php;E:\xampp\php;D:\composer;F:\nodejs\;F:\Git\cmd;D:\Python\Python38\Scripts\;D:\Python\Python38\;C:\WindowsSystem32;E:\www\Php;D:\JetBrains\PyCharm 2018.3.5\bin;;D:\JetBrains\IntelliJ IDEA 2020.3.2\bin;;D:\JetBrains\PhpStorm 2020.3.1\bin;;D:\Python27;D:\Python27\Scripts;E:\xampp\php;C:\Users\Administrator\AppData\Roaming\Composer\vendor\bin;C:\Users\Administrator\AppData\Roaming\npm;D:\MongoDB\Server\4.0\bin;."/>
    <property name="java.vm.info" value="mixed mode"/>
    <property name="java.vendor" value="Oracle Corporation"/>
    <property name="java.vm.version" value="25.31-b07"/>
    <property name="java.ext.dirs" value="D:\Java\jdk1.8.0_31\jre\lib\ext;C:\Windows\Sun\Java\lib\ext"/>
    <property name="sun.io.unicode.encoding" value="UnicodeLittle"/>
    <property name="java.class.version" value="52.0"/>
  </properties>
  <testcase name="langText" classname="com.ted.TedApplicationTests" time="0.498"/>
  <testcase name="contextLoads" classname="com.ted.TedApplicationTests" time="0.004"/>
</testsuite>